<?xml version="1.0" encoding="UTF-8"?>
<!-- Generated by org.testng.reporters.JUnitXMLReporter -->
<testsuite ignored="0" hostname="HVTNDAL0909" failures="0" tests="8" name="Test" time="267.121" errors="0" timestamp="2023-07-30T13:41:24 IST">
  <testcase classname="org.testing.testscripts.TC1" name="video" time="24.209"/>
  <testcase classname="org.testing.testscripts.TC2" name="video" time="18.488"/>
  <testcase classname="org.testing.testscripts.TC3" name="video" time="19.565"/>
  <testcase classname="org.testing.testscripts.TC4" name="video" time="25.277"/>
  <testcase classname="org.testing.testscripts.TC5" name="video" time="23.346"/>
  <testcase classname="org.testing.testscripts.TC6" name="video" time="30.073"/>
  <testcase classname="org.testing.testscripts.TC7" name="video" time="17.96"/>
  <testcase classname="org.testing.testscripts.TC8" name="video" time="17.979"/>
</testsuite> <!-- Test -->
